{"message":"Preferences loaded from /home/sanchit/.config/pomotroid/user-preferences.json","level":"info","hostname":"archpc","timestamp":"2021-07-22T03:55:17.572Z"}
{"message":"app ready","level":"info","hostname":"archpc","timestamp":"2021-07-22T03:55:17.622Z"}
{"message":"Registering shortcut for call-timer-toggle: Control+F1","level":"info","hostname":"archpc","timestamp":"2021-07-22T03:55:17.667Z"}
{"message":"Registering shortcut for call-timer-reset: Control+F2","level":"info","hostname":"archpc","timestamp":"2021-07-22T03:55:17.668Z"}
{"message":"Registering shortcut for call-timer-skip: Control+F3","level":"info","hostname":"archpc","timestamp":"2021-07-22T03:55:17.668Z"}
{"message":"Preferences loaded from /home/sanchit/.config/pomotroid/user-preferences.json","level":"info","hostname":"archpc","timestamp":"2021-07-22T03:55:17.820Z"}
{"message":"quitting app...","level":"info","hostname":"archpc","timestamp":"2021-07-22T03:55:24.200Z"}
{"message":"Preferences loaded from /home/sanchit/.config/pomotroid/user-preferences.json","level":"info","hostname":"archpc","timestamp":"2021-07-22T03:55:40.727Z"}
{"message":"app ready","level":"info","hostname":"archpc","timestamp":"2021-07-22T03:55:40.775Z"}
{"message":"Registering shortcut for call-timer-toggle: Control+F1","level":"info","hostname":"archpc","timestamp":"2021-07-22T03:55:40.846Z"}
{"message":"Registering shortcut for call-timer-reset: Control+F2","level":"info","hostname":"archpc","timestamp":"2021-07-22T03:55:40.846Z"}
{"message":"Registering shortcut for call-timer-skip: Control+F3","level":"info","hostname":"archpc","timestamp":"2021-07-22T03:55:40.846Z"}
{"message":"Preferences loaded from /home/sanchit/.config/pomotroid/user-preferences.json","level":"info","hostname":"archpc","timestamp":"2021-07-22T03:55:40.995Z"}
{"message":"quitting app...","level":"info","hostname":"archpc","timestamp":"2021-07-22T03:55:48.025Z"}
{"message":"Preferences loaded from /home/sanchit/.config/pomotroid/user-preferences.json","level":"info","hostname":"archpc","timestamp":"2021-07-22T03:55:51.280Z"}
{"message":"app ready","level":"info","hostname":"archpc","timestamp":"2021-07-22T03:55:51.328Z"}
{"message":"Registering shortcut for call-timer-toggle: Control+F1","level":"info","hostname":"archpc","timestamp":"2021-07-22T03:55:51.391Z"}
{"message":"Registering shortcut for call-timer-reset: Control+F2","level":"info","hostname":"archpc","timestamp":"2021-07-22T03:55:51.392Z"}
{"message":"Registering shortcut for call-timer-skip: Control+F3","level":"info","hostname":"archpc","timestamp":"2021-07-22T03:55:51.392Z"}
{"message":"Preferences loaded from /home/sanchit/.config/pomotroid/user-preferences.json","level":"info","hostname":"archpc","timestamp":"2021-07-22T03:55:51.544Z"}
{"message":"quitting app...","level":"info","hostname":"archpc","timestamp":"2021-07-22T03:56:15.327Z"}
{"message":"Preferences loaded from /home/sanchit/.config/pomotroid/user-preferences.json","level":"info","hostname":"archpc","timestamp":"2021-07-22T03:57:04.222Z"}
{"message":"app ready","level":"info","hostname":"archpc","timestamp":"2021-07-22T03:57:04.273Z"}
{"message":"Registering shortcut for call-timer-toggle: Control+F1","level":"info","hostname":"archpc","timestamp":"2021-07-22T03:57:04.326Z"}
{"message":"Registering shortcut for call-timer-reset: Control+F2","level":"info","hostname":"archpc","timestamp":"2021-07-22T03:57:04.327Z"}
{"message":"Registering shortcut for call-timer-skip: Control+F3","level":"info","hostname":"archpc","timestamp":"2021-07-22T03:57:04.327Z"}
{"message":"Preferences loaded from /home/sanchit/.config/pomotroid/user-preferences.json","level":"info","hostname":"archpc","timestamp":"2021-07-22T03:57:04.479Z"}
{"message":"quitting app...","level":"info","hostname":"archpc","timestamp":"2021-07-22T03:57:07.148Z"}
{"message":"Preferences loaded from /home/sanchit/.config/pomotroid/user-preferences.json","level":"info","hostname":"archpc","timestamp":"2021-07-22T03:57:58.090Z"}
{"message":"app ready","level":"info","hostname":"archpc","timestamp":"2021-07-22T03:57:58.139Z"}
{"message":"Registering shortcut for call-timer-toggle: Control+F1","level":"info","hostname":"archpc","timestamp":"2021-07-22T03:57:58.194Z"}
{"message":"Registering shortcut for call-timer-reset: Control+F2","level":"info","hostname":"archpc","timestamp":"2021-07-22T03:57:58.194Z"}
{"message":"Registering shortcut for call-timer-skip: Control+F3","level":"info","hostname":"archpc","timestamp":"2021-07-22T03:57:58.195Z"}
{"message":"Preferences loaded from /home/sanchit/.config/pomotroid/user-preferences.json","level":"info","hostname":"archpc","timestamp":"2021-07-22T03:57:58.346Z"}
{"message":"quitting app...","level":"info","hostname":"archpc","timestamp":"2021-07-22T03:58:01.030Z"}
{"message":"Preferences loaded from /home/sanchit/.config/pomotroid/user-preferences.json","level":"info","hostname":"archpc","timestamp":"2021-07-22T03:58:18.514Z"}
{"message":"app ready","level":"info","hostname":"archpc","timestamp":"2021-07-22T03:58:18.563Z"}
{"message":"Registering shortcut for call-timer-toggle: Control+F1","level":"info","hostname":"archpc","timestamp":"2021-07-22T03:58:18.606Z"}
{"message":"Registering shortcut for call-timer-reset: Control+F2","level":"info","hostname":"archpc","timestamp":"2021-07-22T03:58:18.607Z"}
{"message":"Registering shortcut for call-timer-skip: Control+F3","level":"info","hostname":"archpc","timestamp":"2021-07-22T03:58:18.607Z"}
{"message":"Preferences loaded from /home/sanchit/.config/pomotroid/user-preferences.json","level":"info","hostname":"archpc","timestamp":"2021-07-22T03:58:18.761Z"}
{"message":"quitting app...","level":"info","hostname":"archpc","timestamp":"2021-07-22T03:58:23.130Z"}
{"message":"Preferences loaded from /home/sanchit/.config/pomotroid/user-preferences.json","level":"info","hostname":"archpc","timestamp":"2021-07-22T03:58:44.147Z"}
{"message":"app ready","level":"info","hostname":"archpc","timestamp":"2021-07-22T03:58:44.193Z"}
{"message":"Registering shortcut for call-timer-toggle: Control+F1","level":"info","hostname":"archpc","timestamp":"2021-07-22T03:58:44.233Z"}
{"message":"Registering shortcut for call-timer-reset: Control+F2","level":"info","hostname":"archpc","timestamp":"2021-07-22T03:58:44.233Z"}
{"message":"Registering shortcut for call-timer-skip: Control+F3","level":"info","hostname":"archpc","timestamp":"2021-07-22T03:58:44.233Z"}
{"message":"Preferences loaded from /home/sanchit/.config/pomotroid/user-preferences.json","level":"info","hostname":"archpc","timestamp":"2021-07-22T03:58:44.384Z"}
{"message":"quitting app...","level":"info","hostname":"archpc","timestamp":"2021-07-22T03:58:49.489Z"}
{"message":"Preferences loaded from /home/sanchit/.config/pomotroid/user-preferences.json","level":"info","hostname":"archpc","timestamp":"2021-07-22T03:59:05.094Z"}
{"message":"app ready","level":"info","hostname":"archpc","timestamp":"2021-07-22T03:59:05.143Z"}
{"message":"Registering shortcut for call-timer-toggle: Control+F1","level":"info","hostname":"archpc","timestamp":"2021-07-22T03:59:05.205Z"}
{"message":"Registering shortcut for call-timer-reset: Control+F2","level":"info","hostname":"archpc","timestamp":"2021-07-22T03:59:05.206Z"}
{"message":"Registering shortcut for call-timer-skip: Control+F3","level":"info","hostname":"archpc","timestamp":"2021-07-22T03:59:05.206Z"}
{"message":"Preferences loaded from /home/sanchit/.config/pomotroid/user-preferences.json","level":"info","hostname":"archpc","timestamp":"2021-07-22T03:59:05.363Z"}
{"message":"quitting app...","level":"info","hostname":"archpc","timestamp":"2021-07-22T03:59:13.056Z"}
