{"message":"Preferences loaded from /home/sanchit/.config/pomotroid/user-preferences.json","level":"info","hostname":"archpc","timestamp":"2021-07-22T04:00:15.356Z"}
{"message":"app ready","level":"info","hostname":"archpc","timestamp":"2021-07-22T04:00:15.405Z"}
{"message":"Registering shortcut for call-timer-toggle: Control+F1","level":"info","hostname":"archpc","timestamp":"2021-07-22T04:00:15.440Z"}
{"message":"Registering shortcut for call-timer-reset: Control+F2","level":"info","hostname":"archpc","timestamp":"2021-07-22T04:00:15.441Z"}
{"message":"Registering shortcut for call-timer-skip: Control+F3","level":"info","hostname":"archpc","timestamp":"2021-07-22T04:00:15.441Z"}
{"message":"Preferences loaded from /home/sanchit/.config/pomotroid/user-preferences.json","level":"info","hostname":"archpc","timestamp":"2021-07-22T04:00:15.592Z"}
{"message":"Preferences loaded from /home/sanchit/.config/pomotroid/user-preferences.json","level":"info","hostname":"archpc","timestamp":"2021-07-22T04:03:14.631Z"}
{"message":"app ready","level":"info","hostname":"archpc","timestamp":"2021-07-22T04:03:14.677Z"}
{"message":"Registering shortcut for call-timer-toggle: Control+F1","level":"info","hostname":"archpc","timestamp":"2021-07-22T04:03:14.727Z"}
{"message":"Registering shortcut for call-timer-reset: Control+F2","level":"info","hostname":"archpc","timestamp":"2021-07-22T04:03:14.727Z"}
{"message":"Registering shortcut for call-timer-skip: Control+F3","level":"info","hostname":"archpc","timestamp":"2021-07-22T04:03:14.727Z"}
{"message":"Preferences loaded from /home/sanchit/.config/pomotroid/user-preferences.json","level":"info","hostname":"archpc","timestamp":"2021-07-22T04:03:14.880Z"}
{"message":"quitting app...","level":"info","hostname":"archpc","timestamp":"2021-07-22T04:03:17.700Z"}
{"message":"Preferences loaded from /home/sanchit/.config/pomotroid/user-preferences.json","level":"info","hostname":"archpc","timestamp":"2021-07-22T15:28:20.493Z"}
{"message":"app ready","level":"info","hostname":"archpc","timestamp":"2021-07-22T15:28:20.553Z"}
{"message":"Registering shortcut for call-timer-toggle: Control+F1","level":"info","hostname":"archpc","timestamp":"2021-07-22T15:28:20.620Z"}
{"message":"Registering shortcut for call-timer-reset: Control+F2","level":"info","hostname":"archpc","timestamp":"2021-07-22T15:28:20.620Z"}
{"message":"Registering shortcut for call-timer-skip: Control+F3","level":"info","hostname":"archpc","timestamp":"2021-07-22T15:28:20.620Z"}
{"message":"Preferences loaded from /home/sanchit/.config/pomotroid/user-preferences.json","level":"info","hostname":"archpc","timestamp":"2021-07-22T15:28:20.802Z"}
{"message":"quitting app...","level":"info","hostname":"archpc","timestamp":"2021-07-22T15:28:30.532Z"}
{"message":"Preferences loaded from /home/sanchit/.config/pomotroid/user-preferences.json","level":"info","hostname":"archpc","timestamp":"2021-07-22T17:16:43.939Z"}
{"message":"app ready","level":"info","hostname":"archpc","timestamp":"2021-07-22T17:16:43.985Z"}
{"message":"Registering shortcut for call-timer-toggle: Control+F1","level":"info","hostname":"archpc","timestamp":"2021-07-22T17:16:44.038Z"}
{"message":"Registering shortcut for call-timer-reset: Control+F2","level":"info","hostname":"archpc","timestamp":"2021-07-22T17:16:44.038Z"}
{"message":"Registering shortcut for call-timer-skip: Control+F3","level":"info","hostname":"archpc","timestamp":"2021-07-22T17:16:44.038Z"}
{"message":"Preferences loaded from /home/sanchit/.config/pomotroid/user-preferences.json","level":"info","hostname":"archpc","timestamp":"2021-07-22T17:16:44.191Z"}
{"message":"quitting app...","level":"info","hostname":"archpc","timestamp":"2021-07-22T17:16:47.898Z"}
{"message":"Preferences loaded from /home/sanchit/.config/pomotroid/user-preferences.json","level":"info","hostname":"archpc","timestamp":"2021-07-22T17:52:13.123Z"}
{"message":"app ready","level":"info","hostname":"archpc","timestamp":"2021-07-22T17:52:13.168Z"}
{"message":"Registering shortcut for call-timer-toggle: Control+F1","level":"info","hostname":"archpc","timestamp":"2021-07-22T17:52:13.219Z"}
{"message":"Registering shortcut for call-timer-reset: Control+F2","level":"info","hostname":"archpc","timestamp":"2021-07-22T17:52:13.220Z"}
{"message":"Registering shortcut for call-timer-skip: Control+F3","level":"info","hostname":"archpc","timestamp":"2021-07-22T17:52:13.220Z"}
{"message":"Preferences loaded from /home/sanchit/.config/pomotroid/user-preferences.json","level":"info","hostname":"archpc","timestamp":"2021-07-22T17:52:13.373Z"}
{"message":"quitting app...","level":"info","hostname":"archpc","timestamp":"2021-07-22T17:54:40.200Z"}
