{"message":"Preferences loaded from /home/sanchit/.config/pomotroid/user-preferences.json","level":"info","hostname":"archpc","timestamp":"2021-07-19T14:39:51.634Z"}
{"message":"app ready","level":"info","hostname":"archpc","timestamp":"2021-07-19T14:39:51.689Z"}
{"message":"Registering shortcut for call-timer-toggle: Control+F1","level":"info","hostname":"archpc","timestamp":"2021-07-19T14:39:51.765Z"}
{"message":"Registering shortcut for call-timer-reset: Control+F2","level":"info","hostname":"archpc","timestamp":"2021-07-19T14:39:51.766Z"}
{"message":"Registering shortcut for call-timer-skip: Control+F3","level":"info","hostname":"archpc","timestamp":"2021-07-19T14:39:51.766Z"}
{"message":"Preferences loaded from /home/sanchit/.config/pomotroid/user-preferences.json","level":"info","hostname":"archpc","timestamp":"2021-07-19T14:39:51.944Z"}
{"message":"Preferences loaded from /home/sanchit/.config/pomotroid/user-preferences.json","level":"info","hostname":"archpc","timestamp":"2021-07-19T14:45:02.884Z"}
{"message":"app ready","level":"info","hostname":"archpc","timestamp":"2021-07-19T14:45:02.927Z"}
{"message":"Registering shortcut for call-timer-toggle: Control+F1","level":"info","hostname":"archpc","timestamp":"2021-07-19T14:45:02.961Z"}
{"message":"Registering shortcut for call-timer-reset: Control+F2","level":"info","hostname":"archpc","timestamp":"2021-07-19T14:45:02.962Z"}
{"message":"Registering shortcut for call-timer-skip: Control+F3","level":"info","hostname":"archpc","timestamp":"2021-07-19T14:45:02.962Z"}
{"message":"quitting app...","level":"info","hostname":"archpc","timestamp":"2021-07-19T14:45:03.700Z"}
{"message":"quitting app...","level":"info","hostname":"archpc","timestamp":"2021-07-19T14:45:08.545Z"}
{"message":"Preferences loaded from /home/sanchit/.config/pomotroid/user-preferences.json","level":"info","hostname":"archpc","timestamp":"2021-07-19T14:45:11.881Z"}
{"message":"app ready","level":"info","hostname":"archpc","timestamp":"2021-07-19T14:45:11.926Z"}
{"message":"Registering shortcut for call-timer-toggle: Control+F1","level":"info","hostname":"archpc","timestamp":"2021-07-19T14:45:11.958Z"}
{"message":"Registering shortcut for call-timer-reset: Control+F2","level":"info","hostname":"archpc","timestamp":"2021-07-19T14:45:11.959Z"}
{"message":"Registering shortcut for call-timer-skip: Control+F3","level":"info","hostname":"archpc","timestamp":"2021-07-19T14:45:11.959Z"}
{"message":"quitting app...","level":"info","hostname":"archpc","timestamp":"2021-07-19T14:45:16.116Z"}
{"message":"Preferences loaded from /home/sanchit/.config/pomotroid/user-preferences.json","level":"info","hostname":"archpc","timestamp":"2021-07-19T14:45:42.206Z"}
{"message":"app ready","level":"info","hostname":"archpc","timestamp":"2021-07-19T14:45:42.248Z"}
{"message":"Registering shortcut for call-timer-toggle: Control+F1","level":"info","hostname":"archpc","timestamp":"2021-07-19T14:45:42.295Z"}
{"message":"Registering shortcut for call-timer-reset: Control+F2","level":"info","hostname":"archpc","timestamp":"2021-07-19T14:45:42.295Z"}
{"message":"Registering shortcut for call-timer-skip: Control+F3","level":"info","hostname":"archpc","timestamp":"2021-07-19T14:45:42.295Z"}
{"message":"quitting app...","level":"info","hostname":"archpc","timestamp":"2021-07-19T14:45:46.437Z"}
{"message":"Preferences loaded from /home/sanchit/.config/pomotroid/user-preferences.json","level":"info","hostname":"archpc","timestamp":"2021-07-19T17:16:13.422Z"}
{"message":"app ready","level":"info","hostname":"archpc","timestamp":"2021-07-19T17:16:13.467Z"}
{"message":"Registering shortcut for call-timer-toggle: Control+F1","level":"info","hostname":"archpc","timestamp":"2021-07-19T17:16:13.524Z"}
{"message":"Registering shortcut for call-timer-reset: Control+F2","level":"info","hostname":"archpc","timestamp":"2021-07-19T17:16:13.525Z"}
{"message":"Registering shortcut for call-timer-skip: Control+F3","level":"info","hostname":"archpc","timestamp":"2021-07-19T17:16:13.525Z"}
{"message":"quitting app...","level":"info","hostname":"archpc","timestamp":"2021-07-19T17:16:16.082Z"}
{"message":"Preferences loaded from /home/sanchit/.config/pomotroid/user-preferences.json","level":"info","hostname":"archpc","timestamp":"2021-07-19T17:16:29.995Z"}
{"message":"app ready","level":"info","hostname":"archpc","timestamp":"2021-07-19T17:16:30.039Z"}
{"message":"Registering shortcut for call-timer-toggle: Control+F1","level":"info","hostname":"archpc","timestamp":"2021-07-19T17:16:30.098Z"}
{"message":"Registering shortcut for call-timer-reset: Control+F2","level":"info","hostname":"archpc","timestamp":"2021-07-19T17:16:30.098Z"}
{"message":"Registering shortcut for call-timer-skip: Control+F3","level":"info","hostname":"archpc","timestamp":"2021-07-19T17:16:30.099Z"}
{"message":"Preferences loaded from /home/sanchit/.config/pomotroid/user-preferences.json","level":"info","hostname":"archpc","timestamp":"2021-07-19T17:16:30.245Z"}
{"message":"Preferences loaded from /home/sanchit/.config/pomotroid/user-preferences.json","level":"info","hostname":"archpc","timestamp":"2021-07-19T17:18:55.054Z"}
{"message":"app ready","level":"info","hostname":"archpc","timestamp":"2021-07-19T17:18:55.099Z"}
{"message":"Registering shortcut for call-timer-toggle: Control+F1","level":"info","hostname":"archpc","timestamp":"2021-07-19T17:18:55.148Z"}
{"message":"Registering shortcut for call-timer-reset: Control+F2","level":"info","hostname":"archpc","timestamp":"2021-07-19T17:18:55.149Z"}
{"message":"Registering shortcut for call-timer-skip: Control+F3","level":"info","hostname":"archpc","timestamp":"2021-07-19T17:18:55.149Z"}
{"message":"Preferences loaded from /home/sanchit/.config/pomotroid/user-preferences.json","level":"info","hostname":"archpc","timestamp":"2021-07-19T17:18:55.305Z"}
{"message":"focus round round reset","level":"info","hostname":"archpc","timestamp":"2021-07-19T17:28:35.209Z"}
{"message":"quitting app...","level":"info","hostname":"archpc","timestamp":"2021-07-19T17:33:06.219Z"}
{"message":"quitting app...","level":"info","hostname":"archpc","timestamp":"2021-07-19T17:37:15.575Z"}
{"message":"Preferences loaded from /home/sanchit/.config/pomotroid/user-preferences.json","level":"info","hostname":"archpc","timestamp":"2021-07-19T17:38:07.212Z"}
{"message":"app ready","level":"info","hostname":"archpc","timestamp":"2021-07-19T17:38:07.258Z"}
{"message":"Registering shortcut for call-timer-toggle: Control+F1","level":"info","hostname":"archpc","timestamp":"2021-07-19T17:38:07.324Z"}
{"message":"Registering shortcut for call-timer-reset: Control+F2","level":"info","hostname":"archpc","timestamp":"2021-07-19T17:38:07.325Z"}
{"message":"Registering shortcut for call-timer-skip: Control+F3","level":"info","hostname":"archpc","timestamp":"2021-07-19T17:38:07.325Z"}
{"message":"Preferences loaded from /home/sanchit/.config/pomotroid/user-preferences.json","level":"info","hostname":"archpc","timestamp":"2021-07-19T17:38:07.477Z"}
{"message":"focus round round started","level":"info","hostname":"archpc","timestamp":"2021-07-19T17:59:16.699Z"}
{"message":"focus round completed","level":"info","hostname":"archpc","timestamp":"2021-07-19T18:23:44.304Z"}
{"message":"short break round started","level":"info","hostname":"archpc","timestamp":"2021-07-19T18:23:45.814Z"}
{"message":"short break completed","level":"info","hostname":"archpc","timestamp":"2021-07-19T18:33:45.813Z"}
{"message":"focus round round started","level":"info","hostname":"archpc","timestamp":"2021-07-19T18:33:47.317Z"}
{"message":"quitting app...","level":"info","hostname":"archpc","timestamp":"2021-07-19T18:33:51.888Z"}
{"message":"Preferences loaded from /home/sanchit/.config/pomotroid/user-preferences.json","level":"info","hostname":"archpc","timestamp":"2021-07-19T18:53:23.095Z"}
{"message":"app ready","level":"info","hostname":"archpc","timestamp":"2021-07-19T18:53:23.140Z"}
{"message":"Registering shortcut for call-timer-toggle: Control+F1","level":"info","hostname":"archpc","timestamp":"2021-07-19T18:53:23.209Z"}
{"message":"Registering shortcut for call-timer-reset: Control+F2","level":"info","hostname":"archpc","timestamp":"2021-07-19T18:53:23.209Z"}
{"message":"Registering shortcut for call-timer-skip: Control+F3","level":"info","hostname":"archpc","timestamp":"2021-07-19T18:53:23.210Z"}
{"message":"Preferences loaded from /home/sanchit/.config/pomotroid/user-preferences.json","level":"info","hostname":"archpc","timestamp":"2021-07-19T18:53:23.359Z"}
{"message":"quitting app...","level":"info","hostname":"archpc","timestamp":"2021-07-19T18:53:52.492Z"}
{"message":"Preferences loaded from /home/sanchit/.config/pomotroid/user-preferences.json","level":"info","hostname":"archpc","timestamp":"2021-07-19T22:41:20.801Z"}
{"message":"app ready","level":"info","hostname":"archpc","timestamp":"2021-07-19T22:41:20.861Z"}
{"message":"Registering shortcut for call-timer-toggle: Control+F1","level":"info","hostname":"archpc","timestamp":"2021-07-19T22:41:20.911Z"}
{"message":"Registering shortcut for call-timer-reset: Control+F2","level":"info","hostname":"archpc","timestamp":"2021-07-19T22:41:20.911Z"}
{"message":"Registering shortcut for call-timer-skip: Control+F3","level":"info","hostname":"archpc","timestamp":"2021-07-19T22:41:20.911Z"}
{"message":"Preferences loaded from /home/sanchit/.config/pomotroid/user-preferences.json","level":"info","hostname":"archpc","timestamp":"2021-07-19T22:41:21.098Z"}
{"message":"quitting app...","level":"info","hostname":"archpc","timestamp":"2021-07-19T22:41:21.429Z"}
{"message":"Preferences loaded from /home/sanchit/.config/pomotroid/user-preferences.json","level":"info","hostname":"archpc","timestamp":"2021-07-20T01:59:44.964Z"}
{"message":"app ready","level":"info","hostname":"archpc","timestamp":"2021-07-20T01:59:45.012Z"}
{"message":"Registering shortcut for call-timer-toggle: Control+F1","level":"info","hostname":"archpc","timestamp":"2021-07-20T01:59:45.055Z"}
{"message":"Registering shortcut for call-timer-reset: Control+F2","level":"info","hostname":"archpc","timestamp":"2021-07-20T01:59:45.056Z"}
{"message":"Registering shortcut for call-timer-skip: Control+F3","level":"info","hostname":"archpc","timestamp":"2021-07-20T01:59:45.056Z"}
{"message":"Preferences loaded from /home/sanchit/.config/pomotroid/user-preferences.json","level":"info","hostname":"archpc","timestamp":"2021-07-20T01:59:45.208Z"}
{"message":"quitting app...","level":"info","hostname":"archpc","timestamp":"2021-07-20T01:59:57.784Z"}
